<html>
<head>
<title>TestNG:  Go Rest Regression Test</title>
<link href="../testng.css" rel="stylesheet" type="text/css" />
<link href="../my-testng.css" rel="stylesheet" type="text/css" />

<style type="text/css">
.log { display: none;} 
.stack-trace { display: none;} 
</style>
<script type="text/javascript">
<!--
function flip(e) {
  current = e.style.display;
  if (current == 'block') {
    e.style.display = 'none';
    return 0;
  }
  else {
    e.style.display = 'block';
    return 1;
  }
}

function toggleBox(szDivId, elem, msg1, msg2)
{
  var res = -1;  if (document.getElementById) {
    res = flip(document.getElementById(szDivId));
  }
  else if (document.all) {
    // this is the way old msie versions work
    res = flip(document.all[szDivId]);
  }
  if(elem) {
    if(res == 0) elem.innerHTML = msg1; else elem.innerHTML = msg2;
  }

}

function toggleAllBoxes() {
  if (document.getElementsByTagName) {
    d = document.getElementsByTagName('div');
    for (i = 0; i < d.length; i++) {
      if (d[i].className == 'log') {
        flip(d[i]);
      }
    }
  }
}

// -->
</script>

</head>
<body>
<h2 align='center'>Go Rest Regression Test</h2><table border='1' align="center">
<tr>
<td>Tests passed/Failed/Skipped:</td><td>7/1/0</td>
</tr><tr>
<td>Started on:</td><td>Mon Apr 06 07:22:10 IST 2020</td>
</tr>
<tr><td>Total time:</td><td>6 seconds (6376 ms)</td>
</tr><tr>
<td>Included groups:</td><td></td>
</tr><tr>
<td>Excluded groups:</td><td></td>
</tr>
</table><p/>
<small><i>(Hover the method name to see the test class name)</i></small><p/>
<table width='100%' border='1' class='invocation-failed'>
<tr><td colspan='4' align='center'><b>FAILED TESTS</b></td></tr>
<tr><td><b>Test method</b></td>
<td width="30%"><b>Exception</b></td>
<td width="10%"><b>Time (seconds)</b></td>
<td><b>Instance</b></td>
</tr>
<tr>
<td title='com.qa.gorest.tests.DeleteUserAPITest.deleteUserTest()'><b>deleteUserTest</b><br>Test class: com.qa.gorest.tests.DeleteUserAPITest</td>
<td><div><pre>java.lang.AssertionError: expected [18] but found [24]
	at com.qa.gorest.tests.DeleteUserAPITest.deleteUserTest(DeleteUserAPITest.java:69)
	at java.util.concurrent.ThreadPoolExecutor.runWorker(Unknown Source)
	at java.util.concurrent.ThreadPoolExecutor$Worker.run(Unknown Source)
	at java.lang.Thread.run(Unknown Source)
... Removed 16 stack frames</pre></div><a href='#' onClick='toggleBox("stack-trace1083440311", this, "Click to show all stack frames", "Click to hide stack frames")'>Click to show all stack frames</a>
<div class='stack-trace' id='stack-trace1083440311'><pre>java.lang.AssertionError: expected [18] but found [24]
	at org.testng.Assert.fail(Assert.java:96)
	at org.testng.Assert.failNotEquals(Assert.java:776)
	at org.testng.Assert.assertEqualsImpl(Assert.java:137)
	at org.testng.Assert.assertEquals(Assert.java:118)
	at org.testng.Assert.assertEquals(Assert.java:652)
	at org.testng.Assert.assertEquals(Assert.java:662)
	at com.qa.gorest.tests.DeleteUserAPITest.deleteUserTest(DeleteUserAPITest.java:69)
	at sun.reflect.NativeMethodAccessorImpl.invoke0(Native Method)
	at sun.reflect.NativeMethodAccessorImpl.invoke(Unknown Source)
	at sun.reflect.DelegatingMethodAccessorImpl.invoke(Unknown Source)
	at java.lang.reflect.Method.invoke(Unknown Source)
	at org.testng.internal.MethodInvocationHelper.invokeMethod(MethodInvocationHelper.java:124)
	at org.testng.internal.Invoker.invokeMethod(Invoker.java:583)
	at org.testng.internal.Invoker.invokeTestMethod(Invoker.java:719)
	at org.testng.internal.Invoker.invokeTestMethods(Invoker.java:989)
	at org.testng.internal.TestMethodWorker.invokeTestMethods(TestMethodWorker.java:125)
	at org.testng.internal.TestMethodWorker.run(TestMethodWorker.java:109)
	at java.util.concurrent.ThreadPoolExecutor.runWorker(Unknown Source)
	at java.util.concurrent.ThreadPoolExecutor$Worker.run(Unknown Source)
	at java.lang.Thread.run(Unknown Source)
</pre></div></td>
<td>5</td>
<td>com.qa.gorest.tests.DeleteUserAPITest@74e47444</td></tr>
</table><p>
<table width='100%' border='1' class='invocation-passed'>
<tr><td colspan='4' align='center'><b>PASSED TESTS</b></td></tr>
<tr><td><b>Test method</b></td>
<td width="30%"><b>Exception</b></td>
<td width="10%"><b>Time (seconds)</b></td>
<td><b>Instance</b></td>
</tr>
<tr>
<td title='com.qa.gorest.tests.UpdateUserAPITest.createANewUserAPIPUTTest_WithSetter()'><b>createANewUserAPIPUTTest_WithSetter</b><br>Test class: com.qa.gorest.tests.UpdateUserAPITest</td>
<td></td>
<td>0</td>
<td>com.qa.gorest.tests.UpdateUserAPITest@59d2103b</td></tr>
<tr>
<td title='com.qa.gorest.tests.CreateUserAPITest.createUserAPIPOSTTest()'><b>createUserAPIPOSTTest</b><br>Test class: com.qa.gorest.tests.CreateUserAPITest<br>Parameters: irina, B, female, 01-01-1975, drina1@gmail.com, '1-222-333-2323, http://www.google.com, test address pune, active</td>
<td></td>
<td>3</td>
<td>com.qa.gorest.tests.CreateUserAPITest@58670130</td></tr>
<tr>
<td title='com.qa.gorest.tests.CreateUserAPITest.createUserAPIPOSTTest()'><b>createUserAPIPOSTTest</b><br>Test class: com.qa.gorest.tests.CreateUserAPITest<br>Parameters: sarang, K, male, 01-01-1976, saran12@gmail.com, '1-222-333-2324, http://www.google.com, test address pune, active</td>
<td></td>
<td>0</td>
<td>com.qa.gorest.tests.CreateUserAPITest@58670130</td></tr>
<tr>
<td title='com.qa.gorest.tests.CreateUserAPITest.createUserAPIPOSTTest()'><b>createUserAPIPOSTTest</b><br>Test class: com.qa.gorest.tests.CreateUserAPITest<br>Parameters: varun, B, male, 01-01-1977, varun123@gmail.com, '1-222-333-2325, http://www.google.com, test address pune, active</td>
<td></td>
<td>0</td>
<td>com.qa.gorest.tests.CreateUserAPITest@58670130</td></tr>
<tr>
<td title='com.qa.gorest.tests.CreateUserAPITest.createUserAPIPOSTTest()'><b>createUserAPIPOSTTest</b><br>Test class: com.qa.gorest.tests.CreateUserAPITest<br>Parameters: elina, L, female, 01-01-1978, elina12@gmail.com, '1-222-333-2326, http://www.google.com, test address pune, active</td>
<td></td>
<td>0</td>
<td>com.qa.gorest.tests.CreateUserAPITest@58670130</td></tr>
<tr>
<td title='com.qa.gorest.tests.CreateUserAPITest.createUserAPIPOSTTest()'><b>createUserAPIPOSTTest</b><br>Test class: com.qa.gorest.tests.CreateUserAPITest<br>Parameters: salina, R, female, 01-01-1979, salinaee12@gmail.com, '1-222-333-2327, http://www.google.com, test address pune, active</td>
<td></td>
<td>0</td>
<td>com.qa.gorest.tests.CreateUserAPITest@58670130</td></tr>
<tr>
<td title='com.qa.gorest.tests.GetUserAPITest.getUserListAPITest()'><b>getUserListAPITest</b><br>Test class: com.qa.gorest.tests.GetUserAPITest</td>
<td></td>
<td>5</td>
<td>com.qa.gorest.tests.GetUserAPITest@9bd0fa6</td></tr>
</table><p>
</body>
</html>